<?xml version="1.0" encoding="UTF-8"?>
<robot generator="Robot 3.2.2 (Python 3.9.0 on win32)" generated="20210103 20:52:58.204" rpa="false">
<suite id="s1" name="New" source="D:\Automation\Test Cases\new.robot">
<test id="s1-t1" name="Login To Facebook">
<kw name="Open Browser" library="SeleniumLibrary">
<doc>Opens a new browser instance to the optional ``url``.</doc>
<arguments>
<arg>${Url}</arg>
<arg>Chrome</arg>
</arguments>
<msg timestamp="20210103 20:53:00.500" level="INFO">Opening browser 'Chrome' to base url 'https://www.facebook.com/'.</msg>
<status status="PASS" starttime="20210103 20:53:00.500" endtime="20210103 20:53:10.867"></status>
</kw>
<kw name="Maximize Browser Window" library="SeleniumLibrary">
<doc>Maximizes current browser window.</doc>
<status status="PASS" starttime="20210103 20:53:10.867" endtime="20210103 20:53:13.471"></status>
</kw>
<kw name="Input Text" library="SeleniumLibrary">
<doc>Types the given ``text`` into the text field identified by ``locator``.</doc>
<arguments>
<arg>id:email</arg>
<arg>Priyasuryawanshi@gmail.com</arg>
</arguments>
<msg timestamp="20210103 20:53:13.495" level="INFO">Typing text 'Priyasuryawanshi@gmail.com' into text field 'id:email'.</msg>
<status status="PASS" starttime="20210103 20:53:13.495" endtime="20210103 20:53:13.932"></status>
</kw>
<kw name="Input Text" library="SeleniumLibrary">
<doc>Types the given ``text`` into the text field identified by ``locator``.</doc>
<arguments>
<arg>id:pass</arg>
<arg>Priyasuryawanshi@123</arg>
</arguments>
<msg timestamp="20210103 20:53:13.932" level="INFO">Typing text 'Priyasuryawanshi@123' into text field 'id:pass'.</msg>
<status status="PASS" starttime="20210103 20:53:13.932" endtime="20210103 20:53:14.372"></status>
</kw>
<kw name="Click Button" library="SeleniumLibrary">
<doc>Clicks the button identified by ``locator``.</doc>
<arguments>
<arg>xpath://button[@type="submit"]</arg>
</arguments>
<msg timestamp="20210103 20:53:14.380" level="INFO">Clicking button 'xpath://button[@type="submit"]'.</msg>
<status status="PASS" starttime="20210103 20:53:14.380" endtime="20210103 20:53:14.613"></status>
</kw>
<kw name="Close Browser" library="SeleniumLibrary">
<doc>Closes the current browser.</doc>
<status status="PASS" starttime="20210103 20:53:14.620" endtime="20210103 20:53:18.377"></status>
</kw>
<status status="PASS" starttime="20210103 20:53:00.500" endtime="20210103 20:53:18.377" critical="yes"></status>
</test>
<status status="PASS" starttime="20210103 20:52:58.250" endtime="20210103 20:53:18.377"></status>
</suite>
<statistics>
<total>
<stat pass="1" fail="0">Critical Tests</stat>
<stat pass="1" fail="0">All Tests</stat>
</total>
<tag>
</tag>
<suite>
<stat pass="1" fail="0" id="s1" name="New">New</stat>
</suite>
</statistics>
<errors>
</errors>
</robot>
