<?xml version="1.0" encoding="UTF-8"?>
<robot generator="Robot 3.2.2 (Python 3.9.0 on win32)" generated="20210103 22:44:13.162" rpa="false">
<suite id="s1" name="New1" source="D:\Automation\Test Cases\new1.robot">
<test id="s1-t1" name="Click on Forgot Password">
<kw name="Open Browser" library="SeleniumLibrary">
<doc>Opens a new browser instance to the optional ``url``.</doc>
<arguments>
<arg>${Url}</arg>
<arg>Chrome</arg>
</arguments>
<msg timestamp="20210103 22:44:13.643" level="INFO">Opening browser 'Chrome' to base url 'https://www.facebook.com/'.</msg>
<status status="PASS" starttime="20210103 22:44:13.643" endtime="20210103 22:44:22.749"></status>
</kw>
<kw name="Maximize Browser Window" library="SeleniumLibrary">
<doc>Maximizes current browser window.</doc>
<status status="PASS" starttime="20210103 22:44:22.750" endtime="20210103 22:44:24.966"></status>
</kw>
<kw name="Click Link" library="SeleniumLibrary">
<doc>Clicks a link identified by ``locator``.</doc>
<arguments>
<arg>Forgotten password?</arg>
</arguments>
<msg timestamp="20210103 22:44:24.968" level="INFO">Clicking link 'Forgotten password?'.</msg>
<status status="PASS" starttime="20210103 22:44:24.967" endtime="20210103 22:44:26.609"></status>
</kw>
<kw name="Close Browser" library="SeleniumLibrary">
<doc>Closes the current browser.</doc>
<status status="PASS" starttime="20210103 22:44:26.609" endtime="20210103 22:44:29.775"></status>
</kw>
<status status="PASS" starttime="20210103 22:44:13.643" endtime="20210103 22:44:29.775" critical="yes"></status>
</test>
<status status="PASS" starttime="20210103 22:44:13.162" endtime="20210103 22:44:29.775"></status>
</suite>
<statistics>
<total>
<stat pass="1" fail="0">Critical Tests</stat>
<stat pass="1" fail="0">All Tests</stat>
</total>
<tag>
</tag>
<suite>
<stat pass="1" fail="0" id="s1" name="New1">New1</stat>
</suite>
</statistics>
<errors>
</errors>
</robot>
